<html>
<head>
<title>TestNG:  Default test</title>
<link href="../testng.css" rel="stylesheet" type="text/css" />
<link href="../my-testng.css" rel="stylesheet" type="text/css" />

<style type="text/css">
.log { display: none;} 
.stack-trace { display: none;} 
</style>
<script type="text/javascript">
<!--
function flip(e) {
  current = e.style.display;
  if (current == 'block') {
    e.style.display = 'none';
    return 0;
  }
  else {
    e.style.display = 'block';
    return 1;
  }
}

function toggleBox(szDivId, elem, msg1, msg2)
{
  var res = -1;  if (document.getElementById) {
    res = flip(document.getElementById(szDivId));
  }
  else if (document.all) {
    // this is the way old msie versions work
    res = flip(document.all[szDivId]);
  }
  if(elem) {
    if(res == 0) elem.innerHTML = msg1; else elem.innerHTML = msg2;
  }

}

function toggleAllBoxes() {
  if (document.getElementsByTagName) {
    d = document.getElementsByTagName('div');
    for (i = 0; i < d.length; i++) {
      if (d[i].className == 'log') {
        flip(d[i]);
      }
    }
  }
}

// -->
</script>

</head>
<body>
<h2 align='center'>Default test</h2><table border='1' align="center">
<tr>
<td>Tests passed/Failed/Skipped:</td><td>16/0/0</td>
</tr><tr>
<td>Started on:</td><td>Tue Apr 05 20:41:57 CEST 2016</td>
</tr>
<tr><td>Total time:</td><td>103 seconds (103386 ms)</td>
</tr><tr>
<td>Included groups:</td><td></td>
</tr><tr>
<td>Excluded groups:</td><td></td>
</tr>
</table><p/>
<small><i>(Hover the method name to see the test class name)</i></small><p/>
<table width='100%' border='1' class='invocation-failed'>
<tr><td colspan='4' align='center'><b>FAILED CONFIGURATIONS</b></td></tr>
<tr><td><b>Test method</b></td>
<td width="30%"><b>Exception</b></td>
<td width="10%"><b>Time (seconds)</b></td>
<td><b>Instance</b></td>
</tr>
<tr>
<td title='com.navigator.tests.CreatePlace.tearDown()'><b>tearDown</b><br>Test class: com.navigator.tests.CreatePlace</td>
<td><div><pre>java.lang.AssertionError: java.lang.AssertionError: expected:&lt;Brèanska&gt; but was:&lt;Test Caffe&gt;
	at org.testng.Assert.fail(Assert.java:94)
	at com.navigator.tests.CreatePlace.tearDown(CreatePlace.java:236)
	at sun.reflect.NativeMethodAccessorImpl.invoke0(Native Method)
	at sun.reflect.NativeMethodAccessorImpl.invoke(NativeMethodAccessorImpl.java:62)
	at sun.reflect.DelegatingMethodAccessorImpl.invoke(DelegatingMethodAccessorImpl.java:43)
	at java.lang.reflect.Method.invoke(Method.java:498)
	at org.testng.internal.MethodInvocationHelper.invokeMethod(MethodInvocationHelper.java:86)
	at org.testng.internal.Invoker.invokeConfigurationMethod(Invoker.java:514)
	at org.testng.internal.Invoker.invokeConfigurations(Invoker.java:215)
	at org.testng.internal.Invoker.invokeConfigurations(Invoker.java:142)
	at org.testng.internal.TestMethodWorker.invokeAfterClassMethods(TestMethodWorker.java:232)
	at org.testng.internal.TestMethodWorker.run(TestMethodWorker.java:115)
	at org.testng.TestRunner.privateRun(TestRunner.java:782)
	at org.testng.TestRunner.run(TestRunner.java:632)
	at org.testng.SuiteRunner.runTest(SuiteRunner.java:366)
	at org.testng.SuiteRunner.runSequentially(SuiteRunner.java:361)
	at org.testng.SuiteRunner.privateRun(SuiteRunner.java:319)
	at org.testng.SuiteRunner.run(SuiteRunner.java:268)
	at org.testng.SuiteRunnerWorker.runSuite(SuiteRunnerWorker.java:52)
	at org.testng.SuiteRunnerWorker.run(SuiteRunnerWorker.java:86)
	at org.testng.TestNG.runSuitesSequentially(TestNG.java:1244)
	at org.testng.TestNG.runSuitesLocally(TestNG.java:1169)
	at org.testng.TestNG.run(TestNG.java:1064)
	at org.testng.remote.RemoteTestNG.run(RemoteTestNG.java:113)
	at org.testng.remote.RemoteTestNG.initAndRun(RemoteTestNG.java:206)
	at org.testng.remote.RemoteTestNG.main(RemoteTestNG.java:177)
</pre></div><a href='#' onClick='toggleBox("stack-trace150138649", this, "Click to show all stack frames", "Click to hide stack frames")'>Click to show all stack frames</a>
<div class='stack-trace' id='stack-trace150138649'><pre>java.lang.AssertionError: java.lang.AssertionError: expected:&lt;Brèanska&gt; but was:&lt;Test Caffe&gt;
	at org.testng.Assert.fail(Assert.java:94)
	at com.navigator.tests.CreatePlace.tearDown(CreatePlace.java:236)
	at sun.reflect.NativeMethodAccessorImpl.invoke0(Native Method)
	at sun.reflect.NativeMethodAccessorImpl.invoke(NativeMethodAccessorImpl.java:62)
	at sun.reflect.DelegatingMethodAccessorImpl.invoke(DelegatingMethodAccessorImpl.java:43)
	at java.lang.reflect.Method.invoke(Method.java:498)
	at org.testng.internal.MethodInvocationHelper.invokeMethod(MethodInvocationHelper.java:86)
	at org.testng.internal.Invoker.invokeConfigurationMethod(Invoker.java:514)
	at org.testng.internal.Invoker.invokeConfigurations(Invoker.java:215)
	at org.testng.internal.Invoker.invokeConfigurations(Invoker.java:142)
	at org.testng.internal.TestMethodWorker.invokeAfterClassMethods(TestMethodWorker.java:232)
	at org.testng.internal.TestMethodWorker.run(TestMethodWorker.java:115)
	at org.testng.TestRunner.privateRun(TestRunner.java:782)
	at org.testng.TestRunner.run(TestRunner.java:632)
	at org.testng.SuiteRunner.runTest(SuiteRunner.java:366)
	at org.testng.SuiteRunner.runSequentially(SuiteRunner.java:361)
	at org.testng.SuiteRunner.privateRun(SuiteRunner.java:319)
	at org.testng.SuiteRunner.run(SuiteRunner.java:268)
	at org.testng.SuiteRunnerWorker.runSuite(SuiteRunnerWorker.java:52)
	at org.testng.SuiteRunnerWorker.run(SuiteRunnerWorker.java:86)
	at org.testng.TestNG.runSuitesSequentially(TestNG.java:1244)
	at org.testng.TestNG.runSuitesLocally(TestNG.java:1169)
	at org.testng.TestNG.run(TestNG.java:1064)
	at org.testng.remote.RemoteTestNG.run(RemoteTestNG.java:113)
	at org.testng.remote.RemoteTestNG.initAndRun(RemoteTestNG.java:206)
	at org.testng.remote.RemoteTestNG.main(RemoteTestNG.java:177)
</pre></div></td>
<td>0</td>
<td>com.navigator.tests.CreatePlace@1b40d5f0</td></tr>
</table><p>
<table width='100%' border='1' class='invocation-passed'>
<tr><td colspan='4' align='center'><b>PASSED TESTS</b></td></tr>
<tr><td><b>Test method</b></td>
<td width="30%"><b>Exception</b></td>
<td width="10%"><b>Time (seconds)</b></td>
<td><b>Instance</b></td>
</tr>
<tr>
<td title='com.navigator.tests.CreatePlace.AShouldBeAbleToCreateNewObject()'><b>AShouldBeAbleToCreateNewObject</b><br>Test class: com.navigator.tests.CreatePlace<br>Test method: Mora postojati naslov stranice</td>
<td></td>
<td>1</td>
<td>com.navigator.tests.CreatePlace@1b40d5f0</td></tr>
<tr>
<td title='com.navigator.tests.CreatePlace.BShouldBeAbleToWriteNameOfNewObject()'><b>BShouldBeAbleToWriteNameOfNewObject</b><br>Test class: com.navigator.tests.CreatePlace<br>Test method: Mora biti u mogucnosti da upise ime novog objekta</td>
<td></td>
<td>3</td>
<td>com.navigator.tests.CreatePlace@1b40d5f0</td></tr>
<tr>
<td title='com.navigator.tests.CreatePlace.CShouldBeAbleToWriteCityName()'><b>CShouldBeAbleToWriteCityName</b><br>Test class: com.navigator.tests.CreatePlace<br>Test method: Mora biti u mogucnosti da upise ime grada</td>
<td></td>
<td>0</td>
<td>com.navigator.tests.CreatePlace@1b40d5f0</td></tr>
<tr>
<td title='com.navigator.tests.CreatePlace.DShouldBeAbleToWriteZipCode()'><b>DShouldBeAbleToWriteZipCode</b><br>Test class: com.navigator.tests.CreatePlace<br>Test method: Mora biti u mogucnosti da upise postanski broj</td>
<td></td>
<td>0</td>
<td>com.navigator.tests.CreatePlace@1b40d5f0</td></tr>
<tr>
<td title='com.navigator.tests.CreatePlace.EShouldBeAbleToWriteAdress()'><b>EShouldBeAbleToWriteAdress</b><br>Test class: com.navigator.tests.CreatePlace<br>Test method: Mora biti u mogucnosti da upise adresu</td>
<td></td>
<td>0</td>
<td>com.navigator.tests.CreatePlace@1b40d5f0</td></tr>
<tr>
<td title='com.navigator.tests.CreatePlace.FShouldBeAbleToWriteHouseNumber()'><b>FShouldBeAbleToWriteHouseNumber</b><br>Test class: com.navigator.tests.CreatePlace<br>Test method: Mora biti u mogucnosti da upise kucni broj</td>
<td></td>
<td>0</td>
<td>com.navigator.tests.CreatePlace@1b40d5f0</td></tr>
<tr>
<td title='com.navigator.tests.CreatePlace.GShouldBeAbleToWriteDescription()'><b>GShouldBeAbleToWriteDescription</b><br>Test class: com.navigator.tests.CreatePlace<br>Test method: Mora biti u mogucnosti da upise opis objekta</td>
<td></td>
<td>0</td>
<td>com.navigator.tests.CreatePlace@1b40d5f0</td></tr>
<tr>
<td title='com.navigator.tests.CreatePlace.HShouldBeAbleToAddCategory()'><b>HShouldBeAbleToAddCategory</b><br>Test class: com.navigator.tests.CreatePlace<br>Test method: Mora biti u mogucnosti da izabere tip objekta</td>
<td></td>
<td>2</td>
<td>com.navigator.tests.CreatePlace@1b40d5f0</td></tr>
<tr>
<td title='com.navigator.tests.CreatePlace.ItestObjectConfirm()'><b>ItestObjectConfirm</b><br>Test class: com.navigator.tests.CreatePlace<br>Test method: Mora biti u mogucnosti da klikne na kreiranje objekta</td>
<td></td>
<td>5</td>
<td>com.navigator.tests.CreatePlace@1b40d5f0</td></tr>
<tr>
<td title='com.navigator.tests.CreatePlace.JIsAbleToSearch()'><b>JIsAbleToSearch</b><br>Test class: com.navigator.tests.CreatePlace<br>Test method: Mora biti u mogucnosti da pretrazuje ulicu</td>
<td></td>
<td>0</td>
<td>com.navigator.tests.CreatePlace@1b40d5f0</td></tr>
<tr>
<td title='com.navigator.tests.CreatePlace.KSearchResultsShouldAppear()'><b>KSearchResultsShouldAppear</b><br>Test class: com.navigator.tests.CreatePlace<br>Test method: Mora biti u mogucnosti da klikne na trazeni rezultat pretrage</td>
<td></td>
<td>6</td>
<td>com.navigator.tests.CreatePlace@1b40d5f0</td></tr>
<tr>
<td title='com.navigator.tests.CreatePlace.LZoomShouldBeAvailable()'><b>LZoomShouldBeAvailable</b><br>Test class: com.navigator.tests.CreatePlace<br>Test method: Mora biti u mogucnosti da koristi zoom</td>
<td></td>
<td>34</td>
<td>com.navigator.tests.CreatePlace@1b40d5f0</td></tr>
<tr>
<td title='com.navigator.tests.CreatePlace.MSateliteViewIsAvailable()'><b>MSateliteViewIsAvailable</b><br>Test class: com.navigator.tests.CreatePlace<br>Test method: Mora biti u mogucnosti da se prebaci u satelite view</td>
<td></td>
<td>2</td>
<td>com.navigator.tests.CreatePlace@1b40d5f0</td></tr>
<tr>
<td title='com.navigator.tests.CreatePlace.NItShouldBeAvailableOnEN()'><b>NItShouldBeAvailableOnEN</b><br>Test class: com.navigator.tests.CreatePlace<br>Test method: Mora biti u mogucnosti da prebaci jezik na engleski</td>
<td></td>
<td>16</td>
<td>com.navigator.tests.CreatePlace@1b40d5f0</td></tr>
<tr>
<td title='com.navigator.tests.CreatePlace.OIsAbleToSearchObject()'><b>OIsAbleToSearchObject</b><br>Test class: com.navigator.tests.CreatePlace<br>Test method: Mora biti u mogucnosti da pretrazuje objekat</td>
<td></td>
<td>0</td>
<td>com.navigator.tests.CreatePlace@1b40d5f0</td></tr>
<tr>
<td title='com.navigator.tests.CreatePlace.PSearchResultsShouldAppear()'><b>PSearchResultsShouldAppear</b><br>Test class: com.navigator.tests.CreatePlace<br>Test method: Mora biti u mogucnosti da klikne na trazeni rezultat pretrage</td>
<td></td>
<td>5</td>
<td>com.navigator.tests.CreatePlace@1b40d5f0</td></tr>
</table><p>
</body>
</html>