<?xml version="1.0" encoding="UTF-8"?>
<testng-results skipped="0" failed="0" total="16" passed="16">
  <reporter-output>
  </reporter-output>
  <suite name="Default suite" duration-ms="103386" started-at="2016-04-05T18:41:57Z" finished-at="2016-04-05T18:43:40Z">
    <groups>
    </groups>
    <test name="Default test" duration-ms="103386" started-at="2016-04-05T18:41:57Z" finished-at="2016-04-05T18:43:40Z">
      <class name="com.navigator.tests.CreatePlace">
        <test-method status="PASS" signature="setUp()[pri:0, instance:com.navigator.tests.CreatePlace@1b40d5f0]" name="setUp" is-config="true" duration-ms="21468" started-at="2016-04-05T20:41:57Z" finished-at="2016-04-05T20:42:19Z">
          <reporter-output>
          </reporter-output>
        </test-method> <!-- setUp -->
        <test-method status="PASS" signature="AShouldBeAbleToCreateNewObject()[pri:0, instance:com.navigator.tests.CreatePlace@1b40d5f0]" name="AShouldBeAbleToCreateNewObject" duration-ms="1011" started-at="2016-04-05T20:42:19Z" description="Mora postojati naslov stranice" finished-at="2016-04-05T20:42:20Z">
          <reporter-output>
          </reporter-output>
        </test-method> <!-- AShouldBeAbleToCreateNewObject -->
        <test-method status="PASS" signature="BShouldBeAbleToWriteNameOfNewObject()[pri:0, instance:com.navigator.tests.CreatePlace@1b40d5f0]" name="BShouldBeAbleToWriteNameOfNewObject" duration-ms="3869" started-at="2016-04-05T20:42:20Z" description="Mora biti u mogucnosti da upise ime novog objekta" finished-at="2016-04-05T20:42:23Z">
          <reporter-output>
          </reporter-output>
        </test-method> <!-- BShouldBeAbleToWriteNameOfNewObject -->
        <test-method status="PASS" signature="CShouldBeAbleToWriteCityName()[pri:0, instance:com.navigator.tests.CreatePlace@1b40d5f0]" name="CShouldBeAbleToWriteCityName" duration-ms="242" started-at="2016-04-05T20:42:23Z" description="Mora biti u mogucnosti da upise ime grada" finished-at="2016-04-05T20:42:24Z">
          <reporter-output>
          </reporter-output>
        </test-method> <!-- CShouldBeAbleToWriteCityName -->
        <test-method status="PASS" signature="DShouldBeAbleToWriteZipCode()[pri:0, instance:com.navigator.tests.CreatePlace@1b40d5f0]" name="DShouldBeAbleToWriteZipCode" duration-ms="176" started-at="2016-04-05T20:42:24Z" description="Mora biti u mogucnosti da upise postanski broj" finished-at="2016-04-05T20:42:24Z">
          <reporter-output>
          </reporter-output>
        </test-method> <!-- DShouldBeAbleToWriteZipCode -->
        <test-method status="PASS" signature="EShouldBeAbleToWriteAdress()[pri:0, instance:com.navigator.tests.CreatePlace@1b40d5f0]" name="EShouldBeAbleToWriteAdress" duration-ms="772" started-at="2016-04-05T20:42:24Z" description="Mora biti u mogucnosti da upise adresu" finished-at="2016-04-05T20:42:25Z">
          <reporter-output>
          </reporter-output>
        </test-method> <!-- EShouldBeAbleToWriteAdress -->
        <test-method status="PASS" signature="FShouldBeAbleToWriteHouseNumber()[pri:0, instance:com.navigator.tests.CreatePlace@1b40d5f0]" name="FShouldBeAbleToWriteHouseNumber" duration-ms="158" started-at="2016-04-05T20:42:25Z" description="Mora biti u mogucnosti da upise kucni broj" finished-at="2016-04-05T20:42:25Z">
          <reporter-output>
          </reporter-output>
        </test-method> <!-- FShouldBeAbleToWriteHouseNumber -->
        <test-method status="PASS" signature="GShouldBeAbleToWriteDescription()[pri:0, instance:com.navigator.tests.CreatePlace@1b40d5f0]" name="GShouldBeAbleToWriteDescription" duration-ms="296" started-at="2016-04-05T20:42:25Z" description="Mora biti u mogucnosti da upise opis objekta" finished-at="2016-04-05T20:42:25Z">
          <reporter-output>
          </reporter-output>
        </test-method> <!-- GShouldBeAbleToWriteDescription -->
        <test-method status="PASS" signature="HShouldBeAbleToAddCategory()[pri:0, instance:com.navigator.tests.CreatePlace@1b40d5f0]" name="HShouldBeAbleToAddCategory" duration-ms="2637" started-at="2016-04-05T20:42:25Z" description="Mora biti u mogucnosti da izabere tip objekta" finished-at="2016-04-05T20:42:28Z">
          <reporter-output>
          </reporter-output>
        </test-method> <!-- HShouldBeAbleToAddCategory -->
        <test-method status="PASS" signature="ItestObjectConfirm()[pri:0, instance:com.navigator.tests.CreatePlace@1b40d5f0]" name="ItestObjectConfirm" duration-ms="5366" started-at="2016-04-05T20:42:28Z" description="Mora biti u mogucnosti da klikne na kreiranje objekta" finished-at="2016-04-05T20:42:33Z">
          <reporter-output>
          </reporter-output>
        </test-method> <!-- ItestObjectConfirm -->
        <test-method status="PASS" signature="JIsAbleToSearch()[pri:0, instance:com.navigator.tests.CreatePlace@1b40d5f0]" name="JIsAbleToSearch" duration-ms="813" started-at="2016-04-05T20:42:33Z" description="Mora biti u mogucnosti da pretrazuje ulicu" finished-at="2016-04-05T20:42:34Z">
          <reporter-output>
          </reporter-output>
        </test-method> <!-- JIsAbleToSearch -->
        <test-method status="PASS" signature="KSearchResultsShouldAppear()[pri:0, instance:com.navigator.tests.CreatePlace@1b40d5f0]" name="KSearchResultsShouldAppear" duration-ms="6166" started-at="2016-04-05T20:42:34Z" description="Mora biti u mogucnosti da klikne na trazeni rezultat pretrage" finished-at="2016-04-05T20:42:40Z">
          <reporter-output>
          </reporter-output>
        </test-method> <!-- KSearchResultsShouldAppear -->
        <test-method status="PASS" signature="LZoomShouldBeAvailable()[pri:0, instance:com.navigator.tests.CreatePlace@1b40d5f0]" name="LZoomShouldBeAvailable" duration-ms="34439" started-at="2016-04-05T20:42:40Z" description="Mora biti u mogucnosti da koristi zoom" finished-at="2016-04-05T20:43:14Z">
          <reporter-output>
          </reporter-output>
        </test-method> <!-- LZoomShouldBeAvailable -->
        <test-method status="PASS" signature="MSateliteViewIsAvailable()[pri:0, instance:com.navigator.tests.CreatePlace@1b40d5f0]" name="MSateliteViewIsAvailable" duration-ms="2138" started-at="2016-04-05T20:43:14Z" description="Mora biti u mogucnosti da se prebaci u satelite view" finished-at="2016-04-05T20:43:17Z">
          <reporter-output>
          </reporter-output>
        </test-method> <!-- MSateliteViewIsAvailable -->
        <test-method status="PASS" signature="NItShouldBeAvailableOnEN()[pri:0, instance:com.navigator.tests.CreatePlace@1b40d5f0]" name="NItShouldBeAvailableOnEN" duration-ms="16710" started-at="2016-04-05T20:43:17Z" description="Mora biti u mogucnosti da prebaci jezik na engleski" finished-at="2016-04-05T20:43:33Z">
          <reporter-output>
          </reporter-output>
        </test-method> <!-- NItShouldBeAvailableOnEN -->
        <test-method status="PASS" signature="OIsAbleToSearchObject()[pri:0, instance:com.navigator.tests.CreatePlace@1b40d5f0]" name="OIsAbleToSearchObject" duration-ms="867" started-at="2016-04-05T20:43:33Z" description="Mora biti u mogucnosti da pretrazuje objekat" finished-at="2016-04-05T20:43:34Z">
          <reporter-output>
          </reporter-output>
        </test-method> <!-- OIsAbleToSearchObject -->
        <test-method status="PASS" signature="PSearchResultsShouldAppear()[pri:0, instance:com.navigator.tests.CreatePlace@1b40d5f0]" name="PSearchResultsShouldAppear" duration-ms="5183" started-at="2016-04-05T20:43:34Z" description="Mora biti u mogucnosti da klikne na trazeni rezultat pretrage" finished-at="2016-04-05T20:43:39Z">
          <reporter-output>
          </reporter-output>
        </test-method> <!-- PSearchResultsShouldAppear -->
        <test-method status="FAIL" signature="tearDown()[pri:0, instance:com.navigator.tests.CreatePlace@1b40d5f0]" name="tearDown" is-config="true" duration-ms="0" started-at="2016-04-05T20:43:39Z" finished-at="2016-04-05T20:43:39Z">
          <exception class="java.lang.AssertionError">
            <message>
              <![CDATA[java.lang.AssertionError: expected:<Brčanska> but was:<Test Caffe>]]>
            </message>
            <full-stacktrace>
              <![CDATA[java.lang.AssertionError: java.lang.AssertionError: expected:<Brčanska> but was:<Test Caffe>
	at org.testng.Assert.fail(Assert.java:94)
	at com.navigator.tests.CreatePlace.tearDown(CreatePlace.java:236)
	at sun.reflect.NativeMethodAccessorImpl.invoke0(Native Method)
	at sun.reflect.NativeMethodAccessorImpl.invoke(NativeMethodAccessorImpl.java:62)
	at sun.reflect.DelegatingMethodAccessorImpl.invoke(DelegatingMethodAccessorImpl.java:43)
	at java.lang.reflect.Method.invoke(Method.java:498)
	at org.testng.internal.MethodInvocationHelper.invokeMethod(MethodInvocationHelper.java:86)
	at org.testng.internal.Invoker.invokeConfigurationMethod(Invoker.java:514)
	at org.testng.internal.Invoker.invokeConfigurations(Invoker.java:215)
	at org.testng.internal.Invoker.invokeConfigurations(Invoker.java:142)
	at org.testng.internal.TestMethodWorker.invokeAfterClassMethods(TestMethodWorker.java:232)
	at org.testng.internal.TestMethodWorker.run(TestMethodWorker.java:115)
	at org.testng.TestRunner.privateRun(TestRunner.java:782)
	at org.testng.TestRunner.run(TestRunner.java:632)
	at org.testng.SuiteRunner.runTest(SuiteRunner.java:366)
	at org.testng.SuiteRunner.runSequentially(SuiteRunner.java:361)
	at org.testng.SuiteRunner.privateRun(SuiteRunner.java:319)
	at org.testng.SuiteRunner.run(SuiteRunner.java:268)
	at org.testng.SuiteRunnerWorker.runSuite(SuiteRunnerWorker.java:52)
	at org.testng.SuiteRunnerWorker.run(SuiteRunnerWorker.java:86)
	at org.testng.TestNG.runSuitesSequentially(TestNG.java:1244)
	at org.testng.TestNG.runSuitesLocally(TestNG.java:1169)
	at org.testng.TestNG.run(TestNG.java:1064)
	at org.testng.remote.RemoteTestNG.run(RemoteTestNG.java:113)
	at org.testng.remote.RemoteTestNG.initAndRun(RemoteTestNG.java:206)
	at org.testng.remote.RemoteTestNG.main(RemoteTestNG.java:177)
]]>
            </full-stacktrace>
          </exception> <!-- java.lang.AssertionError -->
          <reporter-output>
          </reporter-output>
        </test-method> <!-- tearDown -->
      </class> <!-- com.navigator.tests.CreatePlace -->
    </test> <!-- Default test -->
  </suite> <!-- Default suite -->
</testng-results>
